HGE Started..

HGE version: 1.80
Date: 21.11.2024, 10:44:34

Application: GameFrameView
OS: Windows 6.2.9200
Memory: 2097151K total, 2097151K free

D3D Driver: igdumdim32.dll
Description: Intel(R) UHD Graphics
Version: 31.0.101.2111
Mode: 800 x 600 x X8R8G8B8

Sound Device: 扬声器 (Realtek(R) Audio)
Sample rate: 44100

Init done.

Can't load resource: C:\Users\YYH\Desktop\1217QT_PRO_1120\Games\03斗地主单机版（可以全屏）\GamePlaza\face.png
Can't load resource: C:\Users\YYH\Desktop\1217QT_PRO_1120\Games\03斗地主单机版（可以全屏）\GameFrame\Match\call_next_game.png
Can't load resource: C:\Users\YYH\Desktop\1217QT_PRO_1120\Games\03斗地主单机版（可以全屏）\GameFrame\Match\return.png
Can't load resource: .\GameFrame\Match\TipText.png
Can't load resource: DJLand\button\help.png
Can't load resource: DJLand\button\about.png
Can't load resource: DJLand\button\web.png
Can't load resource: DJLand\button\advice.png
Can't load resource: DJLand\button\more.png

Finishing..
The End.
